{"name": "test_login_page_wrong_password", "status": "failed", "statusDetails": {"message": "AssertionError: faileds\nassert 1 == 2", "trace": "self = <test_suite_1.TestScenario object at 0x0000017C909D7650>\n\n    def test_login_page_wrong_password(self):\n        print(\"TESTING2\")\n>       assert 1==2,'faileds'\nE       AssertionError: faileds\nE       assert 1 == 2\n\ntest_suite_1.py:10: AssertionError"}, "attachments": [{"name": "stdout", "source": "a0feae34-a4a2-4ebc-82aa-a308c7d81d93-attachment.txt", "type": "text/plain"}], "start": 1692629650178, "stop": 1692629650178, "uuid": "9d0f6aa1-635c-4766-9151-0a3ddf5d9ab7", "historyId": "e4ed90fa72fe7650793d1e6978ecfa1f", "testCaseId": "e4ed90fa72fe7650793d1e6978ecfa1f", "fullName": "test_suite_1.TestScenario#test_login_page_wrong_password", "labels": [{"name": "tag", "value": "frontend"}, {"name": "suite", "value": "test_suite_1"}, {"name": "subSuite", "value": "TestScenario"}, {"name": "host", "value": "LAPTOP-S70IUKF9"}, {"name": "thread", "value": "9876-MainThread"}, {"name": "framework", "value": "pytest"}, {"name": "language", "value": "cpython3"}, {"name": "package", "value": "test_suite_1"}]}